This is pdfTeX, Version 3.14159265-2.6-1.40.19 (TeX Live 2019/dev/Debian) (preloaded format=pdflatex 2019.7.11)  2 OCT 2019 07:48
entering extended mode
 restricted \write18 enabled.
 %&-line parsing enabled.
**Lista_2_resolvida.tex
(./Lista_2_resolvida.tex
LaTeX2e <2018-12-01>
(/usr/share/texlive/texmf-dist/tex/latex/base/article.cls
Document Class: article 2018/09/03 v1.4i Standard LaTeX document class
(/usr/share/texlive/texmf-dist/tex/latex/base/size12.clo
File: size12.clo 2018/09/03 v1.4i Standard LaTeX file (size option)
)
\c@part=\count80
\c@section=\count81
\c@subsection=\count82
\c@subsubsection=\count83
\c@paragraph=\count84
\c@subparagraph=\count85
\c@figure=\count86
\c@table=\count87
\abovecaptionskip=\skip41
\belowcaptionskip=\skip42
\bibindent=\dimen102
)
(/usr/share/texlive/texmf-dist/tex/latex/base/inputenc.sty
Package: inputenc 2018/08/11 v1.3c Input encoding file
\inpenc@prehook=\toks14
\inpenc@posthook=\toks15
)
(/usr/share/texlive/texmf-dist/tex/generic/babel/babel.sty
Package: babel 2018/11/13 3.27 The Babel package

(/usr/share/texlive/texmf-dist/tex/generic/babel/switch.def
File: switch.def 2018/11/13 3.27 Babel switching mechanism
)
(/usr/share/texlive/texmf-dist/tex/generic/babel-portuges/portuges.ldf
Language: portuges 2008/03/18 v1.2q Portuguese support from the babel system

(/usr/share/texlive/texmf-dist/tex/generic/babel/babel.def
File: babel.def 2018/11/13 3.27 Babel common definitions
\babel@savecnt=\count88
\U@D=\dimen103

(/usr/share/texlive/texmf-dist/tex/generic/babel/txtbabel.def)
\bbl@dirlevel=\count89
)
Package babel Info: Making " an active character on input line 145.
))
(/usr/share/texlive/texmf-dist/tex/latex/float/float.sty
Package: float 2001/11/08 v1.3d Float enhancements (AL)
\c@float@type=\count90
\float@exts=\toks16
\float@box=\box27
\@float@everytoks=\toks17
\@floatcapt=\box28
)
(/usr/share/texlive/texmf-dist/tex/latex/graphics/graphicx.sty
Package: graphicx 2017/06/01 v1.1a Enhanced LaTeX Graphics (DPC,SPQR)

(/usr/share/texlive/texmf-dist/tex/latex/graphics/keyval.sty
Package: keyval 2014/10/28 v1.15 key=value parser (DPC)
\KV@toks@=\toks18
)
(/usr/share/texlive/texmf-dist/tex/latex/graphics/graphics.sty
Package: graphics 2017/06/25 v1.2c Standard LaTeX Graphics (DPC,SPQR)

(/usr/share/texlive/texmf-dist/tex/latex/graphics/trig.sty
Package: trig 2016/01/03 v1.10 sin cos tan (DPC)
)
(/usr/share/texlive/texmf-dist/tex/latex/graphics-cfg/graphics.cfg
File: graphics.cfg 2016/06/04 v1.11 sample graphics configuration
)
Package graphics Info: Driver file: pdftex.def on input line 99.

(/usr/share/texlive/texmf-dist/tex/latex/graphics-def/pdftex.def
File: pdftex.def 2018/01/08 v1.0l Graphics/color driver for pdftex
))
\Gin@req@height=\dimen104
\Gin@req@width=\dimen105
)
(/usr/share/texlive/texmf-dist/tex/latex/amsfonts/amssymb.sty
Package: amssymb 2013/01/14 v3.01 AMS font symbols

(/usr/share/texlive/texmf-dist/tex/latex/amsfonts/amsfonts.sty
Package: amsfonts 2013/01/14 v3.01 Basic AMSFonts support
\@emptytoks=\toks19
\symAMSa=\mathgroup4
\symAMSb=\mathgroup5
LaTeX Font Info:    Overwriting math alphabet `\mathfrak' in version `bold'
(Font)                  U/euf/m/n --> U/euf/b/n on input line 106.
))
(./Lista_2_resolvida.aux)
\openout1 = `Lista_2_resolvida.aux'.

LaTeX Font Info:    Checking defaults for OML/cmm/m/it on input line 15.
LaTeX Font Info:    ... okay on input line 15.
LaTeX Font Info:    Checking defaults for T1/cmr/m/n on input line 15.
LaTeX Font Info:    ... okay on input line 15.
LaTeX Font Info:    Checking defaults for OT1/cmr/m/n on input line 15.
LaTeX Font Info:    ... okay on input line 15.
LaTeX Font Info:    Checking defaults for OMS/cmsy/m/n on input line 15.
LaTeX Font Info:    ... okay on input line 15.
LaTeX Font Info:    Checking defaults for OMX/cmex/m/n on input line 15.
LaTeX Font Info:    ... okay on input line 15.
LaTeX Font Info:    Checking defaults for U/cmr/m/n on input line 15.
LaTeX Font Info:    ... okay on input line 15.

(/usr/share/texlive/texmf-dist/tex/context/base/mkii/supp-pdf.mkii
[Loading MPS to PDF converter (version 2006.09.02).]
\scratchcounter=\count91
\scratchdimen=\dimen106
\scratchbox=\box29
\nofMPsegments=\count92
\nofMParguments=\count93
\everyMPshowfont=\toks20
\MPscratchCnt=\count94
\MPscratchDim=\dimen107
\MPnumerator=\count95
\makeMPintoPDFobject=\count96
\everyMPtoPDFconversion=\toks21
) (/usr/share/texlive/texmf-dist/tex/latex/oberdiek/epstopdf-base.sty
Package: epstopdf-base 2016/05/15 v2.6 Base part for package epstopdf

(/usr/share/texlive/texmf-dist/tex/generic/oberdiek/infwarerr.sty
Package: infwarerr 2016/05/16 v1.4 Providing info/warning/error messages (HO)
)
(/usr/share/texlive/texmf-dist/tex/latex/oberdiek/grfext.sty
Package: grfext 2016/05/16 v1.2 Manage graphics extensions (HO)

(/usr/share/texlive/texmf-dist/tex/generic/oberdiek/kvdefinekeys.sty
Package: kvdefinekeys 2016/05/16 v1.4 Define keys (HO)

(/usr/share/texlive/texmf-dist/tex/generic/oberdiek/ltxcmds.sty
Package: ltxcmds 2016/05/16 v1.23 LaTeX kernel commands for general use (HO)
)))
(/usr/share/texlive/texmf-dist/tex/latex/oberdiek/kvoptions.sty
Package: kvoptions 2016/05/16 v3.12 Key value format for package options (HO)

(/usr/share/texlive/texmf-dist/tex/generic/oberdiek/kvsetkeys.sty
Package: kvsetkeys 2016/05/16 v1.17 Key value parser (HO)

(/usr/share/texlive/texmf-dist/tex/generic/oberdiek/etexcmds.sty
Package: etexcmds 2016/05/16 v1.6 Avoid name clashes with e-TeX commands (HO)

(/usr/share/texlive/texmf-dist/tex/generic/oberdiek/ifluatex.sty
Package: ifluatex 2016/05/16 v1.4 Provides the ifluatex switch (HO)
Package ifluatex Info: LuaTeX not detected.
))))
(/usr/share/texlive/texmf-dist/tex/generic/oberdiek/pdftexcmds.sty
Package: pdftexcmds 2018/09/10 v0.29 Utility functions of pdfTeX for LuaTeX (HO
)

(/usr/share/texlive/texmf-dist/tex/generic/oberdiek/ifpdf.sty
Package: ifpdf 2018/09/07 v3.3 Provides the ifpdf switch
)
Package pdftexcmds Info: LuaTeX not detected.
Package pdftexcmds Info: \pdf@primitive is available.
Package pdftexcmds Info: \pdf@ifprimitive is available.
Package pdftexcmds Info: \pdfdraftmode found.
)
Package epstopdf-base Info: Redefining graphics rule for `.eps' on input line 4
38.
Package grfext Info: Graphics extension search list:
(grfext)             [.pdf,.png,.jpg,.mps,.jpeg,.jbig2,.jb2,.PDF,.PNG,.JPG,.JPE
G,.JBIG2,.JB2,.eps]
(grfext)             \AppendGraphicsExtensions on input line 456.

(/usr/share/texlive/texmf-dist/tex/latex/latexconfig/epstopdf-sys.cfg
File: epstopdf-sys.cfg 2010/07/13 v1.3 Configuration of (r)epstopdf for TeX Liv
e
))
LaTeX Font Info:    Try loading font information for U+msa on input line 16.

(/usr/share/texlive/texmf-dist/tex/latex/amsfonts/umsa.fd
File: umsa.fd 2013/01/14 v3.01 AMS symbols A
)
LaTeX Font Info:    Try loading font information for U+msb on input line 16.

(/usr/share/texlive/texmf-dist/tex/latex/amsfonts/umsb.fd
File: umsb.fd 2013/01/14 v3.01 AMS symbols B
)
Underfull \hbox (badness 10000) in paragraph at lines 19--27

 []


Underfull \hbox (badness 10000) in paragraph at lines 19--27

 []

[1

{/var/lib/texmf/fonts/map/pdftex/updmap/pdftex.map}]
Underfull \hbox (badness 10000) in paragraph at lines 33--34

 []


Overfull \hbox (4.1855pt too wide) in paragraph at lines 44--51
\OT1/cmr/m/n/12 Veja que in-se-ri-mos $[\OMS/cmsy/m/n/12 :\OML/cmm/m/it/12 apro
vado\OT1/cmr/m/n/12 ([]\OML/cmm/m/it/12 ; mac\OT1/cmr/m/n/12 444)]$ na base de 
co-nhe-ci-mento,
 []


Underfull \hbox (badness 10000) in paragraph at lines 44--51

 []


Underfull \hbox (badness 10000) in paragraph at lines 44--51

 []


Underfull \hbox (badness 10000) in paragraph at lines 64--67

 []

[2]
Underfull \hbox (badness 10000) in paragraph at lines 68--70

 []


Underfull \hbox (badness 10000) in paragraph at lines 80--81

 []

[3]
Underfull \hbox (badness 10000) in paragraph at lines 110--116

 []

<backward_2a.png, id=18, 777.90625pt x 297.11pt>
File: backward_2a.png Graphic file (type png)
<use backward_2a.png>
Package pdftex.def Info: backward_2a.png  used on input line 130.
(pdftex.def)             Requested size: 497.85829pt x 190.14975pt.

Overfull \hbox (107.85829pt too wide) in paragraph at lines 130--131
[][] 
 []


Underfull \hbox (badness 10000) in paragraph at lines 127--131

 []

[4 <./backward_2a.png>]
Underfull \hbox (badness 10000) in paragraph at lines 141--146

 []


Underfull \hbox (badness 10000) in paragraph at lines 170--171

 []


Underfull \hbox (badness 10000) in paragraph at lines 179--215

 []


Overfull \hbox (12.14975pt too wide) in paragraph at lines 179--215
[] 
 []

[5] [6]
Underfull \hbox (badness 10000) in paragraph at lines 216--238

 []


Overfull \hbox (21.296pt too wide) in paragraph at lines 216--238
\OT1/cmr/m/n/12 pro-grama casa a cha-mada $\OML/cmm/m/it/12 result\OT1/cmr/m/n/
12 ([3\OML/cmm/m/it/12 ; \OT1/cmr/m/n/12 4\OML/cmm/m/it/12 ; \OT1/cmr/m/n/12 5\
OML/cmm/m/it/12 ; \OT1/cmr/m/n/12 6]\OML/cmm/m/it/12 ; M[]\OT1/cmr/m/n/12 )$ co
m o fato $\OML/cmm/m/it/12 result\OT1/cmr/m/n/12 ([]\OML/cmm/m/it/12 ; \OT1/cmr
/m/n/12 [ ])$
 []


Underfull \hbox (badness 10000) in paragraph at lines 240--241

 []


Underfull \hbox (badness 10000) in paragraph at lines 243--246

 []


Underfull \hbox (badness 10000) in paragraph at lines 247--250

 []


Underfull \hbox (badness 10000) in paragraph at lines 251--254

 []

[7]
Underfull \hbox (badness 10000) in paragraph at lines 256--265

 []


Underfull \hbox (badness 10000) in paragraph at lines 256--265

 []


Underfull \hbox (badness 10000) in paragraph at lines 266--276

 []


Overfull \hbox (65.89708pt too wide) in paragraph at lines 266--276
\OML/cmm/m/it/12 primo\OT1/cmr/m/n/12 (\OML/cmm/m/it/12 P\OT1/cmr/m/n/12 1\OML/
cmm/m/it/12 ;  P\OT1/cmr/m/n/12 2) : \OMS/cmsy/m/n/12 ^^@ \OML/cmm/m/it/12 irma
os\OT1/cmr/m/n/12 (\OML/cmm/m/it/12 X;  Y\OT1/cmr/m/n/12 )\OML/cmm/m/it/12 ;  d
escendente\OT1/cmr/m/n/12 (\OML/cmm/m/it/12 P\OT1/cmr/m/n/12 1\OML/cmm/m/it/12 
;  X\OT1/cmr/m/n/12 )\OML/cmm/m/it/12 ;  descendente\OT1/cmr/m/n/12 (\OML/cmm/m
/it/12 P\OT1/cmr/m/n/12 2\OML/cmm/m/it/12 ; Y\OT1/cmr/m/n/12 )\OML/cmm/m/it/12 
:$ 
 []


Underfull \hbox (badness 10000) in paragraph at lines 277--279

 []


Underfull \hbox (badness 10000) in paragraph at lines 280--286

 []


Underfull \hbox (badness 10000) in paragraph at lines 280--286

 []


Underfull \hbox (badness 10000) in paragraph at lines 280--286

 []


Underfull \hbox (badness 10000) in paragraph at lines 280--286

 []


Underfull \hbox (badness 10000) in paragraph at lines 287--293

 []


Underfull \hbox (badness 10000) in paragraph at lines 287--293

 []

[8]
Underfull \hbox (badness 10000) in paragraph at lines 294--306

 []


Underfull \hbox (badness 10000) in paragraph at lines 294--306

 []


Underfull \hbox (badness 10000) in paragraph at lines 294--306

 []


Underfull \hbox (badness 10000) in paragraph at lines 307--321

 []


Overfull \hbox (14.91486pt too wide) in paragraph at lines 307--321
\OML/cmm/m/it/12 sem[]parentesco\OT1/cmr/m/n/12 (\OML/cmm/m/it/12 X; Y\OT1/cmr/
m/n/12 ) : \OMS/cmsy/m/n/12 ^^@ \OML/cmm/m/it/12 homem\OT1/cmr/m/n/12 (\OML/cmm
/m/it/12 X\OT1/cmr/m/n/12 )\OML/cmm/m/it/12 ;  mulher\OT1/cmr/m/n/12 (\OML/cmm/
m/it/12 Y\OT1/cmr/m/n/12 )\OML/cmm/m/it/12 ;  not\OT1/cmr/m/n/12 (\OML/cmm/m/it
/12 pai\OT1/cmr/m/n/12 (\OML/cmm/m/it/12 X; Y\OT1/cmr/m/n/12 ))\OML/cmm/m/it/12
 ; [] 
 []


Overfull \hbox (53.77388pt too wide) in paragraph at lines 307--321
\OML/cmm/m/it/12 not\OT1/cmr/m/n/12 (\OML/cmm/m/it/12 mae\OT1/cmr/m/n/12 (\OML/
cmm/m/it/12 Y; X\OT1/cmr/m/n/12 ))\OML/cmm/m/it/12 ;  not\OT1/cmr/m/n/12 (\OML/
cmm/m/it/12 irmao[]de\OT1/cmr/m/n/12 (\OML/cmm/m/it/12 X; Y\OT1/cmr/m/n/12 ))\O
ML/cmm/m/it/12 ;  not\OT1/cmr/m/n/12 (\OML/cmm/m/it/12 avof\OT1/cmr/m/n/12 (\OM
L/cmm/m/it/12 Y; X\OT1/cmr/m/n/12 ))\OML/cmm/m/it/12 ;  not\OT1/cmr/m/n/12 (\OM
L/cmm/m/it/12 avom\OT1/cmr/m/n/12 (\OML/cmm/m/it/12 X; Y\OT1/cmr/m/n/12 ))\OML/
cmm/m/it/12 ; [] 
 []


Underfull \hbox (badness 10000) in paragraph at lines 307--321

 []


Underfull \hbox (badness 10000) in paragraph at lines 307--321

 []


Underfull \hbox (badness 10000) in paragraph at lines 307--321

 []


Underfull \hbox (badness 10000) in paragraph at lines 307--321

 []

[9] [10] (./Lista_2_resolvida.aux) ) 
Here is how much of TeX's memory you used:
 2394 strings out of 492615
 32875 string characters out of 6131390
 109496 words of memory out of 5000000
 6272 multiletter control sequences out of 15000+600000
 11490 words of font info for 45 fonts, out of 8000000 for 9000
 1141 hyphenation exceptions out of 8191
 41i,10n,27p,284b,347s stack positions out of 5000i,500n,10000p,200000b,80000s
</usr/share/texlive/texmf-dist/fonts/type1/
public/amsfonts/cm/cmbx12.pfb></usr/share/texlive/texmf-dist/fonts/type1/public
/amsfonts/cm/cmmi12.pfb></usr/share/texlive/texmf-dist/fonts/type1/public/amsfo
nts/cm/cmr12.pfb></usr/share/texlive/texmf-dist/fonts/type1/public/amsfonts/cm/
cmr17.pfb></usr/share/texlive/texmf-dist/fonts/type1/public/amsfonts/cm/cmr8.pf
b></usr/share/texlive/texmf-dist/fonts/type1/public/amsfonts/cm/cmsy10.pfb></us
r/share/texlive/texmf-dist/fonts/type1/public/amsfonts/symbols/msam10.pfb>
Output written on Lista_2_resolvida.pdf (10 pages, 110597 bytes).
PDF statistics:
 68 PDF objects out of 1000 (max. 8388607)
 46 compressed objects within 1 object stream
 0 named destinations out of 1000 (max. 500000)
 6 words of extra memory for PDF output out of 10000 (max. 10000000)

